This is pdfTeX, Version 3.141592653-2.6-1.40.25 (TeX Live 2023/Homebrew) (preloaded format=pdflatex 2023.6.22)  23 JUL 2024 11:14
entering extended mode
 restricted \write18 enabled.
 %&-line parsing enabled.
**apresentacaonatali.tex
(./apresentacaonatali.tex
LaTeX2e <2022-11-01> patch level 1
L3 programming layer <2023-02-22>
(/opt/homebrew/Cellar/texlive/20230313_2/share/texmf-dist/tex/latex/beamer/beam
er.cls
Document Class: beamer 2023/02/20 v3.69 A class for typesetting presentations

(/opt/homebrew/Cellar/texlive/20230313_2/share/texmf-dist/tex/latex/beamer/beam
erbasemodes.sty
(/opt/homebrew/Cellar/texlive/20230313_2/share/texmf-dist/tex/latex/etoolbox/et
oolbox.sty
Package: etoolbox 2020/10/05 v2.5k e-TeX tools for LaTeX (JAW)
\etb@tempcnta=\count185
)
\beamer@tempbox=\box51
\beamer@tempcount=\count186
\c@beamerpauses=\count187

(/opt/homebrew/Cellar/texlive/20230313_2/share/texmf-dist/tex/latex/beamer/beam
erbasedecode.sty
\beamer@slideinframe=\count188
\beamer@minimum=\count189
\beamer@decode@box=\box52
)
\beamer@commentbox=\box53
\beamer@modecount=\count190
)
(/opt/homebrew/Cellar/texlive/20230313_2/share/texmf-dist/tex/generic/iftex/ift
ex.sty
Package: iftex 2022/02/03 v1.0f TeX engine tests
)
\headdp=\dimen140
\footheight=\dimen141
\sidebarheight=\dimen142
\beamer@tempdim=\dimen143
\beamer@finalheight=\dimen144
\beamer@animht=\dimen145
\beamer@animdp=\dimen146
\beamer@animwd=\dimen147
\beamer@leftmargin=\dimen148
\beamer@rightmargin=\dimen149
\beamer@leftsidebar=\dimen150
\beamer@rightsidebar=\dimen151
\beamer@boxsize=\dimen152
\beamer@vboxoffset=\dimen153
\beamer@descdefault=\dimen154
\beamer@descriptionwidth=\dimen155
\beamer@lastskip=\skip48
\beamer@areabox=\box54
\beamer@animcurrent=\box55
\beamer@animshowbox=\box56
\beamer@sectionbox=\box57
\beamer@logobox=\box58
\beamer@linebox=\box59
\beamer@sectioncount=\count191
\beamer@subsubsectionmax=\count192
\beamer@subsectionmax=\count193
\beamer@sectionmax=\count194
\beamer@totalheads=\count195
\beamer@headcounter=\count196
\beamer@partstartpage=\count197
\beamer@sectionstartpage=\count198
\beamer@subsectionstartpage=\count199
\beamer@animationtempa=\count266
\beamer@animationtempb=\count267
\beamer@xpos=\count268
\beamer@ypos=\count269
\beamer@ypos@offset=\count270
\beamer@showpartnumber=\count271
\beamer@currentsubsection=\count272
\beamer@coveringdepth=\count273
\beamer@sectionadjust=\count274
\beamer@toclastsection=\count275
\beamer@tocsectionnumber=\count276

(/opt/homebrew/Cellar/texlive/20230313_2/share/texmf-dist/tex/latex/beamer/beam
erbaseoptions.sty
(/opt/homebrew/Cellar/texlive/20230313_2/share/texmf-dist/tex/latex/graphics/ke
yval.sty
Package: keyval 2022/05/29 v1.15 key=value parser (DPC)
\KV@toks@=\toks16
))
\beamer@paperwidth=\skip49
\beamer@paperheight=\skip50

(/opt/homebrew/Cellar/texlive/20230313_2/share/texmf-dist/tex/latex/geometry/ge
ometry.sty
Package: geometry 2020/01/02 v5.9 Page Geometry

(/opt/homebrew/Cellar/texlive/20230313_2/share/texmf-dist/tex/generic/iftex/ifv
tex.sty
Package: ifvtex 2019/10/25 v1.7 ifvtex legacy package. Use iftex instead.
)
\Gm@cnth=\count277
\Gm@cntv=\count278
\c@Gm@tempcnt=\count279
\Gm@bindingoffset=\dimen156
\Gm@wd@mp=\dimen157
\Gm@odd@mp=\dimen158
\Gm@even@mp=\dimen159
\Gm@layoutwidth=\dimen160
\Gm@layoutheight=\dimen161
\Gm@layouthoffset=\dimen162
\Gm@layoutvoffset=\dimen163
\Gm@dimlist=\toks17
)
(/opt/homebrew/Cellar/texlive/20230313_2/share/texmf-dist/tex/latex/pgf/math/pg
fmath.sty
(/opt/homebrew/Cellar/texlive/20230313_2/share/texmf-dist/tex/latex/pgf/utiliti
es/pgfrcs.sty
(/opt/homebrew/Cellar/texlive/20230313_2/share/texmf-dist/tex/generic/pgf/utili
ties/pgfutil-common.tex
\pgfutil@everybye=\toks18
\pgfutil@tempdima=\dimen164
\pgfutil@tempdimb=\dimen165
)
(/opt/homebrew/Cellar/texlive/20230313_2/share/texmf-dist/tex/generic/pgf/utili
ties/pgfutil-latex.def
\pgfutil@abb=\box60
)
(/opt/homebrew/Cellar/texlive/20230313_2/share/texmf-dist/tex/generic/pgf/utili
ties/pgfrcs.code.tex
(/opt/homebrew/Cellar/texlive/20230313_2/share/texmf-dist/tex/generic/pgf/pgf.r
evision.tex)
Package: pgfrcs 2023-01-15 v3.1.10 (3.1.10)
))
(/opt/homebrew/Cellar/texlive/20230313_2/share/texmf-dist/tex/latex/pgf/utiliti
es/pgfkeys.sty
(/opt/homebrew/Cellar/texlive/20230313_2/share/texmf-dist/tex/generic/pgf/utili
ties/pgfkeys.code.tex
\pgfkeys@pathtoks=\toks19
\pgfkeys@temptoks=\toks20

(/opt/homebrew/Cellar/texlive/20230313_2/share/texmf-dist/tex/generic/pgf/utili
ties/pgfkeyslibraryfiltered.code.tex
\pgfkeys@tmptoks=\toks21
)))
(/opt/homebrew/Cellar/texlive/20230313_2/share/texmf-dist/tex/generic/pgf/math/
pgfmath.code.tex
(/opt/homebrew/Cellar/texlive/20230313_2/share/texmf-dist/tex/generic/pgf/math/
pgfmathutil.code.tex
\pgf@x=\dimen166
\pgf@xa=\dimen167
\pgf@xb=\dimen168
\pgf@xc=\dimen169
\pgf@y=\dimen170
\pgf@ya=\dimen171
\pgf@yb=\dimen172
\pgf@yc=\dimen173
\c@pgf@counta=\count280
\c@pgf@countb=\count281
\c@pgf@countc=\count282
\c@pgf@countd=\count283
)
(/opt/homebrew/Cellar/texlive/20230313_2/share/texmf-dist/tex/generic/pgf/math/
pgfmathparser.code.tex
\pgfmath@dimen=\dimen174
\pgfmath@count=\count284
\pgfmath@box=\box61
\pgfmath@toks=\toks22
\pgfmath@stack@operand=\toks23
\pgfmath@stack@operation=\toks24
)
(/opt/homebrew/Cellar/texlive/20230313_2/share/texmf-dist/tex/generic/pgf/math/
pgfmathfunctions.code.tex)
(/opt/homebrew/Cellar/texlive/20230313_2/share/texmf-dist/tex/generic/pgf/math/
pgfmathfunctions.basic.code.tex)
(/opt/homebrew/Cellar/texlive/20230313_2/share/texmf-dist/tex/generic/pgf/math/
pgfmathfunctions.trigonometric.code.tex)
(/opt/homebrew/Cellar/texlive/20230313_2/share/texmf-dist/tex/generic/pgf/math/
pgfmathfunctions.random.code.tex)
(/opt/homebrew/Cellar/texlive/20230313_2/share/texmf-dist/tex/generic/pgf/math/
pgfmathfunctions.comparison.code.tex)
(/opt/homebrew/Cellar/texlive/20230313_2/share/texmf-dist/tex/generic/pgf/math/
pgfmathfunctions.base.code.tex)
(/opt/homebrew/Cellar/texlive/20230313_2/share/texmf-dist/tex/generic/pgf/math/
pgfmathfunctions.round.code.tex)
(/opt/homebrew/Cellar/texlive/20230313_2/share/texmf-dist/tex/generic/pgf/math/
pgfmathfunctions.misc.code.tex)
(/opt/homebrew/Cellar/texlive/20230313_2/share/texmf-dist/tex/generic/pgf/math/
pgfmathfunctions.integerarithmetics.code.tex)
(/opt/homebrew/Cellar/texlive/20230313_2/share/texmf-dist/tex/generic/pgf/math/
pgfmathcalc.code.tex)
(/opt/homebrew/Cellar/texlive/20230313_2/share/texmf-dist/tex/generic/pgf/math/
pgfmathfloat.code.tex
\c@pgfmathroundto@lastzeros=\count285
)))
(/opt/homebrew/Cellar/texlive/20230313_2/share/texmf-dist/tex/latex/base/size11
.clo
File: size11.clo 2022/07/02 v1.4n Standard LaTeX file (size option)
)
(/opt/homebrew/Cellar/texlive/20230313_2/share/texmf-dist/tex/latex/pgf/basicla
yer/pgfcore.sty
(/opt/homebrew/Cellar/texlive/20230313_2/share/texmf-dist/tex/latex/graphics/gr
aphicx.sty
Package: graphicx 2021/09/16 v1.2d Enhanced LaTeX Graphics (DPC,SPQR)

(/opt/homebrew/Cellar/texlive/20230313_2/share/texmf-dist/tex/latex/graphics/gr
aphics.sty
Package: graphics 2022/03/10 v1.4e Standard LaTeX Graphics (DPC,SPQR)

(/opt/homebrew/Cellar/texlive/20230313_2/share/texmf-dist/tex/latex/graphics/tr
ig.sty
Package: trig 2021/08/11 v1.11 sin cos tan (DPC)
)
(/opt/homebrew/Cellar/texlive/20230313_2/share/texmf-dist/tex/latex/graphics-cf
g/graphics.cfg
File: graphics.cfg 2016/06/04 v1.11 sample graphics configuration
)
Package graphics Info: Driver file: pdftex.def on input line 107.

(/opt/homebrew/Cellar/texlive/20230313_2/share/texmf-dist/tex/latex/graphics-de
f/pdftex.def
File: pdftex.def 2022/09/22 v1.2b Graphics/color driver for pdftex
))
\Gin@req@height=\dimen175
\Gin@req@width=\dimen176
)
(/opt/homebrew/Cellar/texlive/20230313_2/share/texmf-dist/tex/latex/pgf/systeml
ayer/pgfsys.sty
(/opt/homebrew/Cellar/texlive/20230313_2/share/texmf-dist/tex/generic/pgf/syste
mlayer/pgfsys.code.tex
Package: pgfsys 2023-01-15 v3.1.10 (3.1.10)
\pgf@x=\dimen177
\pgf@y=\dimen178
\pgf@xa=\dimen179
\pgf@ya=\dimen180
\pgf@xb=\dimen181
\pgf@yb=\dimen182
\pgf@xc=\dimen183
\pgf@yc=\dimen184
\pgf@xd=\dimen185
\pgf@yd=\dimen186
\w@pgf@writea=\write3
\r@pgf@reada=\read2
\c@pgf@counta=\count286
\c@pgf@countb=\count287
\c@pgf@countc=\count288
\c@pgf@countd=\count289
\t@pgf@toka=\toks25
\t@pgf@tokb=\toks26
\t@pgf@tokc=\toks27
\pgf@sys@id@count=\count290

(/opt/homebrew/Cellar/texlive/20230313_2/share/texmf-dist/tex/generic/pgf/syste
mlayer/pgf.cfg
File: pgf.cfg 2023-01-15 v3.1.10 (3.1.10)
)
Driver file for pgf: pgfsys-pdftex.def

(/opt/homebrew/Cellar/texlive/20230313_2/share/texmf-dist/tex/generic/pgf/syste
mlayer/pgfsys-pdftex.def
File: pgfsys-pdftex.def 2023-01-15 v3.1.10 (3.1.10)

(/opt/homebrew/Cellar/texlive/20230313_2/share/texmf-dist/tex/generic/pgf/syste
mlayer/pgfsys-common-pdf.def
File: pgfsys-common-pdf.def 2023-01-15 v3.1.10 (3.1.10)
)))
(/opt/homebrew/Cellar/texlive/20230313_2/share/texmf-dist/tex/generic/pgf/syste
mlayer/pgfsyssoftpath.code.tex
File: pgfsyssoftpath.code.tex 2023-01-15 v3.1.10 (3.1.10)
\pgfsyssoftpath@smallbuffer@items=\count291
\pgfsyssoftpath@bigbuffer@items=\count292
)
(/opt/homebrew/Cellar/texlive/20230313_2/share/texmf-dist/tex/generic/pgf/syste
mlayer/pgfsysprotocol.code.tex
File: pgfsysprotocol.code.tex 2023-01-15 v3.1.10 (3.1.10)
))
(/opt/homebrew/Cellar/texlive/20230313_2/share/texmf-dist/tex/latex/xcolor/xcol
or.sty
Package: xcolor 2022/06/12 v2.14 LaTeX color extensions (UK)

(/opt/homebrew/Cellar/texlive/20230313_2/share/texmf-dist/tex/latex/graphics-cf
g/color.cfg
File: color.cfg 2016/01/02 v1.6 sample color configuration
)
Package xcolor Info: Driver file: pdftex.def on input line 227.

(/opt/homebrew/Cellar/texlive/20230313_2/share/texmf-dist/tex/latex/graphics/ma
thcolor.ltx)
Package xcolor Info: Model `cmy' substituted by `cmy0' on input line 1353.
Package xcolor Info: Model `hsb' substituted by `rgb' on input line 1357.
Package xcolor Info: Model `RGB' extended on input line 1369.
Package xcolor Info: Model `HTML' substituted by `rgb' on input line 1371.
Package xcolor Info: Model `Hsb' substituted by `hsb' on input line 1372.
Package xcolor Info: Model `tHsb' substituted by `hsb' on input line 1373.
Package xcolor Info: Model `HSB' substituted by `hsb' on input line 1374.
Package xcolor Info: Model `Gray' substituted by `gray' on input line 1375.
Package xcolor Info: Model `wave' substituted by `hsb' on input line 1376.
)
(/opt/homebrew/Cellar/texlive/20230313_2/share/texmf-dist/tex/generic/pgf/basic
layer/pgfcore.code.tex
Package: pgfcore 2023-01-15 v3.1.10 (3.1.10)

(/opt/homebrew/Cellar/texlive/20230313_2/share/texmf-dist/tex/generic/pgf/math/
pgfint.code.tex)
(/opt/homebrew/Cellar/texlive/20230313_2/share/texmf-dist/tex/generic/pgf/basic
layer/pgfcorepoints.code.tex
File: pgfcorepoints.code.tex 2023-01-15 v3.1.10 (3.1.10)
\pgf@picminx=\dimen187
\pgf@picmaxx=\dimen188
\pgf@picminy=\dimen189
\pgf@picmaxy=\dimen190
\pgf@pathminx=\dimen191
\pgf@pathmaxx=\dimen192
\pgf@pathminy=\dimen193
\pgf@pathmaxy=\dimen194
\pgf@xx=\dimen195
\pgf@xy=\dimen196
\pgf@yx=\dimen197
\pgf@yy=\dimen198
\pgf@zx=\dimen199
\pgf@zy=\dimen256
)
(/opt/homebrew/Cellar/texlive/20230313_2/share/texmf-dist/tex/generic/pgf/basic
layer/pgfcorepathconstruct.code.tex
File: pgfcorepathconstruct.code.tex 2023-01-15 v3.1.10 (3.1.10)
\pgf@path@lastx=\dimen257
\pgf@path@lasty=\dimen258
)
(/opt/homebrew/Cellar/texlive/20230313_2/share/texmf-dist/tex/generic/pgf/basic
layer/pgfcorepathusage.code.tex
File: pgfcorepathusage.code.tex 2023-01-15 v3.1.10 (3.1.10)
\pgf@shorten@end@additional=\dimen259
\pgf@shorten@start@additional=\dimen260
)
(/opt/homebrew/Cellar/texlive/20230313_2/share/texmf-dist/tex/generic/pgf/basic
layer/pgfcorescopes.code.tex
File: pgfcorescopes.code.tex 2023-01-15 v3.1.10 (3.1.10)
\pgfpic=\box62
\pgf@hbox=\box63
\pgf@layerbox@main=\box64
\pgf@picture@serial@count=\count293
)
(/opt/homebrew/Cellar/texlive/20230313_2/share/texmf-dist/tex/generic/pgf/basic
layer/pgfcoregraphicstate.code.tex
File: pgfcoregraphicstate.code.tex 2023-01-15 v3.1.10 (3.1.10)
\pgflinewidth=\dimen261
)
(/opt/homebrew/Cellar/texlive/20230313_2/share/texmf-dist/tex/generic/pgf/basic
layer/pgfcoretransformations.code.tex
File: pgfcoretransformations.code.tex 2023-01-15 v3.1.10 (3.1.10)
\pgf@pt@x=\dimen262
\pgf@pt@y=\dimen263
\pgf@pt@temp=\dimen264
)
(/opt/homebrew/Cellar/texlive/20230313_2/share/texmf-dist/tex/generic/pgf/basic
layer/pgfcorequick.code.tex
File: pgfcorequick.code.tex 2023-01-15 v3.1.10 (3.1.10)
)
(/opt/homebrew/Cellar/texlive/20230313_2/share/texmf-dist/tex/generic/pgf/basic
layer/pgfcoreobjects.code.tex
File: pgfcoreobjects.code.tex 2023-01-15 v3.1.10 (3.1.10)
)
(/opt/homebrew/Cellar/texlive/20230313_2/share/texmf-dist/tex/generic/pgf/basic
layer/pgfcorepathprocessing.code.tex
File: pgfcorepathprocessing.code.tex 2023-01-15 v3.1.10 (3.1.10)
)
(/opt/homebrew/Cellar/texlive/20230313_2/share/texmf-dist/tex/generic/pgf/basic
layer/pgfcorearrows.code.tex
File: pgfcorearrows.code.tex 2023-01-15 v3.1.10 (3.1.10)
\pgfarrowsep=\dimen265
)
(/opt/homebrew/Cellar/texlive/20230313_2/share/texmf-dist/tex/generic/pgf/basic
layer/pgfcoreshade.code.tex
File: pgfcoreshade.code.tex 2023-01-15 v3.1.10 (3.1.10)
\pgf@max=\dimen266
\pgf@sys@shading@range@num=\count294
\pgf@shadingcount=\count295
)
(/opt/homebrew/Cellar/texlive/20230313_2/share/texmf-dist/tex/generic/pgf/basic
layer/pgfcoreimage.code.tex
File: pgfcoreimage.code.tex 2023-01-15 v3.1.10 (3.1.10)
)
(/opt/homebrew/Cellar/texlive/20230313_2/share/texmf-dist/tex/generic/pgf/basic
layer/pgfcoreexternal.code.tex
File: pgfcoreexternal.code.tex 2023-01-15 v3.1.10 (3.1.10)
\pgfexternal@startupbox=\box65
)
(/opt/homebrew/Cellar/texlive/20230313_2/share/texmf-dist/tex/generic/pgf/basic
layer/pgfcorelayers.code.tex
File: pgfcorelayers.code.tex 2023-01-15 v3.1.10 (3.1.10)
)
(/opt/homebrew/Cellar/texlive/20230313_2/share/texmf-dist/tex/generic/pgf/basic
layer/pgfcoretransparency.code.tex
File: pgfcoretransparency.code.tex 2023-01-15 v3.1.10 (3.1.10)
)
(/opt/homebrew/Cellar/texlive/20230313_2/share/texmf-dist/tex/generic/pgf/basic
layer/pgfcorepatterns.code.tex
File: pgfcorepatterns.code.tex 2023-01-15 v3.1.10 (3.1.10)
)
(/opt/homebrew/Cellar/texlive/20230313_2/share/texmf-dist/tex/generic/pgf/basic
layer/pgfcorerdf.code.tex
File: pgfcorerdf.code.tex 2023-01-15 v3.1.10 (3.1.10)
)))
(/opt/homebrew/Cellar/texlive/20230313_2/share/texmf-dist/tex/latex/pgf/utiliti
es/xxcolor.sty
Package: xxcolor 2003/10/24 ver 0.1
\XC@nummixins=\count296
\XC@countmixins=\count297
)
(/opt/homebrew/Cellar/texlive/20230313_2/share/texmf-dist/tex/latex/base/atbegs
hi-ltx.sty
Package: atbegshi-ltx 2021/01/10 v1.0c Emulation of the original atbegshi
package with kernel methods
)
(/opt/homebrew/Cellar/texlive/20230313_2/share/texmf-dist/tex/latex/hyperref/hy
perref.sty
Package: hyperref 2023-02-07 v7.00v Hypertext links for LaTeX

(/opt/homebrew/Cellar/texlive/20230313_2/share/texmf-dist/tex/generic/ltxcmds/l
txcmds.sty
Package: ltxcmds 2020-05-10 v1.25 LaTeX kernel commands for general use (HO)
)
(/opt/homebrew/Cellar/texlive/20230313_2/share/texmf-dist/tex/generic/pdftexcmd
s/pdftexcmds.sty
Package: pdftexcmds 2020-06-27 v0.33 Utility functions of pdfTeX for LuaTeX (HO
)

(/opt/homebrew/Cellar/texlive/20230313_2/share/texmf-dist/tex/generic/infwarerr
/infwarerr.sty
Package: infwarerr 2019/12/03 v1.5 Providing info/warning/error messages (HO)
)
Package pdftexcmds Info: \pdf@primitive is available.
Package pdftexcmds Info: \pdf@ifprimitive is available.
Package pdftexcmds Info: \pdfdraftmode found.
)
(/opt/homebrew/Cellar/texlive/20230313_2/share/texmf-dist/tex/latex/kvsetkeys/k
vsetkeys.sty
Package: kvsetkeys 2022-10-05 v1.19 Key value parser (HO)
)
(/opt/homebrew/Cellar/texlive/20230313_2/share/texmf-dist/tex/generic/kvdefinek
eys/kvdefinekeys.sty
Package: kvdefinekeys 2019-12-19 v1.6 Define keys (HO)
)
(/opt/homebrew/Cellar/texlive/20230313_2/share/texmf-dist/tex/generic/pdfescape
/pdfescape.sty
Package: pdfescape 2019/12/09 v1.15 Implements pdfTeX's escape features (HO)
)
(/opt/homebrew/Cellar/texlive/20230313_2/share/texmf-dist/tex/latex/hycolor/hyc
olor.sty
Package: hycolor 2020-01-27 v1.10 Color options for hyperref/bookmark (HO)
)
(/opt/homebrew/Cellar/texlive/20230313_2/share/texmf-dist/tex/latex/letltxmacro
/letltxmacro.sty
Package: letltxmacro 2019/12/03 v1.6 Let assignment for LaTeX macros (HO)
)
(/opt/homebrew/Cellar/texlive/20230313_2/share/texmf-dist/tex/latex/auxhook/aux
hook.sty
Package: auxhook 2019-12-17 v1.6 Hooks for auxiliary files (HO)
)
(/opt/homebrew/Cellar/texlive/20230313_2/share/texmf-dist/tex/latex/hyperref/na
meref.sty
Package: nameref 2022-05-17 v2.50 Cross-referencing by name of section

(/opt/homebrew/Cellar/texlive/20230313_2/share/texmf-dist/tex/latex/refcount/re
fcount.sty
Package: refcount 2019/12/15 v3.6 Data extraction from label references (HO)
)
(/opt/homebrew/Cellar/texlive/20230313_2/share/texmf-dist/tex/generic/gettitles
tring/gettitlestring.sty
Package: gettitlestring 2019/12/15 v1.6 Cleanup title references (HO)

(/opt/homebrew/Cellar/texlive/20230313_2/share/texmf-dist/tex/latex/kvoptions/k
voptions.sty
Package: kvoptions 2022-06-15 v3.15 Key value format for package options (HO)
))
\c@section@level=\count298
)
\@linkdim=\dimen267
\Hy@linkcounter=\count299
\Hy@pagecounter=\count300

(/opt/homebrew/Cellar/texlive/20230313_2/share/texmf-dist/tex/latex/hyperref/pd
1enc.def
File: pd1enc.def 2023-02-07 v7.00v Hyperref: PDFDocEncoding definition (HO)
Now handling font encoding PD1 ...
... no UTF-8 mapping file for font encoding PD1
)
(/opt/homebrew/Cellar/texlive/20230313_2/share/texmf-dist/tex/generic/intcalc/i
ntcalc.sty
Package: intcalc 2019/12/15 v1.3 Expandable calculations with integers (HO)
)
(/opt/homebrew/Cellar/texlive/20230313_2/share/texmf-dist/tex/generic/etexcmds/
etexcmds.sty
Package: etexcmds 2019/12/15 v1.7 Avoid name clashes with e-TeX commands (HO)
)
\Hy@SavedSpaceFactor=\count301

(/opt/homebrew/Cellar/texlive/20230313_2/share/texmf-dist/tex/latex/hyperref/pu
enc.def
File: puenc.def 2023-02-07 v7.00v Hyperref: PDF Unicode definition (HO)
Now handling font encoding PU ...
... no UTF-8 mapping file for font encoding PU
)
Package hyperref Info: Option `bookmarks' set `true' on input line 4060.
Package hyperref Info: Option `bookmarksopen' set `true' on input line 4060.
Package hyperref Info: Option `implicit' set `false' on input line 4060.
Package hyperref Info: Hyper figures OFF on input line 4177.
Package hyperref Info: Link nesting OFF on input line 4182.
Package hyperref Info: Hyper index ON on input line 4185.
Package hyperref Info: Plain pages OFF on input line 4192.
Package hyperref Info: Backreferencing OFF on input line 4197.
Package hyperref Info: Implicit mode OFF; no redefinition of LaTeX internals.
Package hyperref Info: Bookmarks ON on input line 4425.
\c@Hy@tempcnt=\count302

(/opt/homebrew/Cellar/texlive/20230313_2/share/texmf-dist/tex/latex/url/url.sty
\Urlmuskip=\muskip16
Package: url 2013/09/16  ver 3.4  Verb mode for urls, etc.
)
LaTeX Info: Redefining \url on input line 4763.
\XeTeXLinkMargin=\dimen268

(/opt/homebrew/Cellar/texlive/20230313_2/share/texmf-dist/tex/generic/bitset/bi
tset.sty
Package: bitset 2019/12/09 v1.3 Handle bit-vector datatype (HO)

(/opt/homebrew/Cellar/texlive/20230313_2/share/texmf-dist/tex/generic/bigintcal
c/bigintcalc.sty
Package: bigintcalc 2019/12/15 v1.5 Expandable calculations on big integers (HO
)
))
\Fld@menulength=\count303
\Field@Width=\dimen269
\Fld@charsize=\dimen270
Package hyperref Info: Hyper figures OFF on input line 6042.
Package hyperref Info: Link nesting OFF on input line 6047.
Package hyperref Info: Hyper index ON on input line 6050.
Package hyperref Info: backreferencing OFF on input line 6057.
Package hyperref Info: Link coloring OFF on input line 6062.
Package hyperref Info: Link coloring with OCG OFF on input line 6067.
Package hyperref Info: PDF/A mode OFF on input line 6072.
\Hy@abspage=\count304


Package hyperref Message: Stopped early.

)
Package hyperref Info: Driver (autodetected): hpdftex.

(/opt/homebrew/Cellar/texlive/20230313_2/share/texmf-dist/tex/latex/hyperref/hp
dftex.def
File: hpdftex.def 2023-02-07 v7.00v Hyperref driver for pdfTeX

(/opt/homebrew/Cellar/texlive/20230313_2/share/texmf-dist/tex/latex/base/atvery
end-ltx.sty
Package: atveryend-ltx 2020/08/19 v1.0a Emulation of the original atveryend pac
kage
with kernel methods
)
\Fld@listcount=\count305
\c@bookmark@seq@number=\count306

(/opt/homebrew/Cellar/texlive/20230313_2/share/texmf-dist/tex/latex/rerunfilech
eck/rerunfilecheck.sty
Package: rerunfilecheck 2022-07-10 v1.10 Rerun checks for auxiliary files (HO)

(/opt/homebrew/Cellar/texlive/20230313_2/share/texmf-dist/tex/generic/uniquecou
nter/uniquecounter.sty
Package: uniquecounter 2019/12/15 v1.4 Provide unlimited unique counter (HO)
)
Package uniquecounter Info: New unique counter `rerunfilecheck' on input line 2
85.
))
(/opt/homebrew/Cellar/texlive/20230313_2/share/texmf-dist/tex/latex/beamer/beam
erbaserequires.sty
(/opt/homebrew/Cellar/texlive/20230313_2/share/texmf-dist/tex/latex/beamer/beam
erbasecompatibility.sty)
(/opt/homebrew/Cellar/texlive/20230313_2/share/texmf-dist/tex/latex/beamer/beam
erbasefont.sty
(/opt/homebrew/Cellar/texlive/20230313_2/share/texmf-dist/tex/latex/amsfonts/am
ssymb.sty
Package: amssymb 2013/01/14 v3.01 AMS font symbols

(/opt/homebrew/Cellar/texlive/20230313_2/share/texmf-dist/tex/latex/amsfonts/am
sfonts.sty
Package: amsfonts 2013/01/14 v3.01 Basic AMSFonts support
\@emptytoks=\toks28
\symAMSa=\mathgroup4
\symAMSb=\mathgroup5
LaTeX Font Info:    Redeclaring math symbol \hbar on input line 98.
LaTeX Font Info:    Overwriting math alphabet `\mathfrak' in version `bold'
(Font)                  U/euf/m/n --> U/euf/b/n on input line 106.
))
(/opt/homebrew/Cellar/texlive/20230313_2/share/texmf-dist/tex/latex/sansmathacc
ent/sansmathaccent.sty
Package: sansmathaccent 2020/01/31

(/opt/homebrew/Cellar/texlive/20230313_2/share/texmf-dist/tex/latex/koma-script
/scrlfile.sty
Package: scrlfile 2022/10/12 v3.38 KOMA-Script package (file load hooks)

(/opt/homebrew/Cellar/texlive/20230313_2/share/texmf-dist/tex/latex/koma-script
/scrlfile-hook.sty
Package: scrlfile-hook 2022/10/12 v3.38 KOMA-Script package (using LaTeX hooks)


(/opt/homebrew/Cellar/texlive/20230313_2/share/texmf-dist/tex/latex/koma-script
/scrlogo.sty
Package: scrlogo 2022/10/12 v3.38 KOMA-Script package (logo)
)))))
(/opt/homebrew/Cellar/texlive/20230313_2/share/texmf-dist/tex/latex/beamer/beam
erbasetranslator.sty
(/opt/homebrew/Cellar/texlive/20230313_2/share/texmf-dist/tex/latex/translator/
translator.sty
Package: translator 2021-05-31 v1.12d Easy translation of strings in LaTeX
))
(/opt/homebrew/Cellar/texlive/20230313_2/share/texmf-dist/tex/latex/beamer/beam
erbasemisc.sty)
(/opt/homebrew/Cellar/texlive/20230313_2/share/texmf-dist/tex/latex/beamer/beam
erbasetwoscreens.sty)
(/opt/homebrew/Cellar/texlive/20230313_2/share/texmf-dist/tex/latex/beamer/beam
erbaseoverlay.sty
\beamer@argscount=\count307
\beamer@lastskipcover=\skip51
\beamer@trivlistdepth=\count308
)
(/opt/homebrew/Cellar/texlive/20230313_2/share/texmf-dist/tex/latex/beamer/beam
erbasetitle.sty)
(/opt/homebrew/Cellar/texlive/20230313_2/share/texmf-dist/tex/latex/beamer/beam
erbasesection.sty
\c@lecture=\count309
\c@part=\count310
\c@section=\count311
\c@subsection=\count312
\c@subsubsection=\count313
)
(/opt/homebrew/Cellar/texlive/20230313_2/share/texmf-dist/tex/latex/beamer/beam
erbaseframe.sty
\beamer@framebox=\box66
\beamer@frametitlebox=\box67
\beamer@zoombox=\box68
\beamer@zoomcount=\count314
\beamer@zoomframecount=\count315
\beamer@frametextheight=\dimen271
\c@subsectionslide=\count316
\beamer@frametopskip=\skip52
\beamer@framebottomskip=\skip53
\beamer@frametopskipautobreak=\skip54
\beamer@framebottomskipautobreak=\skip55
\beamer@envbody=\toks29
\framewidth=\dimen272
\c@framenumber=\count317
)
(/opt/homebrew/Cellar/texlive/20230313_2/share/texmf-dist/tex/latex/beamer/beam
erbaseverbatim.sty
\beamer@verbatimfileout=\write4
)
(/opt/homebrew/Cellar/texlive/20230313_2/share/texmf-dist/tex/latex/beamer/beam
erbaseframesize.sty
\beamer@splitbox=\box69
\beamer@autobreakcount=\count318
\beamer@autobreaklastheight=\dimen273
\beamer@frametitletoks=\toks30
\beamer@framesubtitletoks=\toks31
)
(/opt/homebrew/Cellar/texlive/20230313_2/share/texmf-dist/tex/latex/beamer/beam
erbaseframecomponents.sty
\beamer@footins=\box70
)
(/opt/homebrew/Cellar/texlive/20230313_2/share/texmf-dist/tex/latex/beamer/beam
erbasecolor.sty)
(/opt/homebrew/Cellar/texlive/20230313_2/share/texmf-dist/tex/latex/beamer/beam
erbasenotes.sty
\beamer@frameboxcopy=\box71
)
(/opt/homebrew/Cellar/texlive/20230313_2/share/texmf-dist/tex/latex/beamer/beam
erbasetoc.sty)
(/opt/homebrew/Cellar/texlive/20230313_2/share/texmf-dist/tex/latex/beamer/beam
erbasetemplates.sty
\beamer@sbttoks=\toks32

(/opt/homebrew/Cellar/texlive/20230313_2/share/texmf-dist/tex/latex/beamer/beam
erbaseauxtemplates.sty
(/opt/homebrew/Cellar/texlive/20230313_2/share/texmf-dist/tex/latex/beamer/beam
erbaseboxes.sty
\bmb@box=\box72
\bmb@colorbox=\box73
\bmb@boxwidth=\dimen274
\bmb@boxheight=\dimen275
\bmb@prevheight=\dimen276
\bmb@temp=\dimen277
\bmb@dima=\dimen278
\bmb@dimb=\dimen279
\bmb@prevheight=\dimen280
)
\beamer@blockheadheight=\dimen281
))
(/opt/homebrew/Cellar/texlive/20230313_2/share/texmf-dist/tex/latex/beamer/beam
erbaselocalstructure.sty
(/opt/homebrew/Cellar/texlive/20230313_2/share/texmf-dist/tex/latex/tools/enume
rate.sty
Package: enumerate 2015/07/23 v3.00 enumerate extensions (DPC)
\@enLab=\toks33
)
\beamer@bibiconwidth=\skip56
\c@figure=\count319
\c@table=\count320
\abovecaptionskip=\skip57
\belowcaptionskip=\skip58
)
(/opt/homebrew/Cellar/texlive/20230313_2/share/texmf-dist/tex/latex/beamer/beam
erbasenavigation.sty
(/opt/homebrew/Cellar/texlive/20230313_2/share/texmf-dist/tex/latex/beamer/beam
erbasenavigationsymbols.tex)
\beamer@section@min@dim=\dimen282
)
(/opt/homebrew/Cellar/texlive/20230313_2/share/texmf-dist/tex/latex/beamer/beam
erbasetheorems.sty
(/opt/homebrew/Cellar/texlive/20230313_2/share/texmf-dist/tex/latex/amsmath/ams
math.sty
Package: amsmath 2022/04/08 v2.17n AMS math features
\@mathmargin=\skip59

For additional information on amsmath, use the `?' option.

(/opt/homebrew/Cellar/texlive/20230313_2/share/texmf-dist/tex/latex/amsmath/ams
text.sty
Package: amstext 2021/08/26 v2.01 AMS text

(/opt/homebrew/Cellar/texlive/20230313_2/share/texmf-dist/tex/latex/amsmath/ams
gen.sty
File: amsgen.sty 1999/11/30 v2.0 generic functions
\@emptytoks=\toks34
\ex@=\dimen283
))
(/opt/homebrew/Cellar/texlive/20230313_2/share/texmf-dist/tex/latex/amsmath/ams
bsy.sty
Package: amsbsy 1999/11/29 v1.2d Bold Symbols
\pmbraise@=\dimen284
)
(/opt/homebrew/Cellar/texlive/20230313_2/share/texmf-dist/tex/latex/amsmath/ams
opn.sty
Package: amsopn 2022/04/08 v2.04 operator names
)
\inf@bad=\count321
LaTeX Info: Redefining \frac on input line 234.
\uproot@=\count322
\leftroot@=\count323
LaTeX Info: Redefining \overline on input line 399.
LaTeX Info: Redefining \colon on input line 410.
\classnum@=\count324
\DOTSCASE@=\count325
LaTeX Info: Redefining \ldots on input line 496.
LaTeX Info: Redefining \dots on input line 499.
LaTeX Info: Redefining \cdots on input line 620.
\Mathstrutbox@=\box74
\strutbox@=\box75
LaTeX Info: Redefining \big on input line 722.
LaTeX Info: Redefining \Big on input line 723.
LaTeX Info: Redefining \bigg on input line 724.
LaTeX Info: Redefining \Bigg on input line 725.
\big@size=\dimen285
LaTeX Font Info:    Redeclaring font encoding OML on input line 743.
LaTeX Font Info:    Redeclaring font encoding OMS on input line 744.
\macc@depth=\count326
LaTeX Info: Redefining \bmod on input line 905.
LaTeX Info: Redefining \pmod on input line 910.
LaTeX Info: Redefining \smash on input line 940.
LaTeX Info: Redefining \relbar on input line 970.
LaTeX Info: Redefining \Relbar on input line 971.
\c@MaxMatrixCols=\count327
\dotsspace@=\muskip17
\c@parentequation=\count328
\dspbrk@lvl=\count329
\tag@help=\toks35
\row@=\count330
\column@=\count331
\maxfields@=\count332
\andhelp@=\toks36
\eqnshift@=\dimen286
\alignsep@=\dimen287
\tagshift@=\dimen288
\tagwidth@=\dimen289
\totwidth@=\dimen290
\lineht@=\dimen291
\@envbody=\toks37
\multlinegap=\skip60
\multlinetaggap=\skip61
\mathdisplay@stack=\toks38
LaTeX Info: Redefining \[ on input line 2953.
LaTeX Info: Redefining \] on input line 2954.
)
(/opt/homebrew/Cellar/texlive/20230313_2/share/texmf-dist/tex/latex/amscls/amst
hm.sty
Package: amsthm 2020/05/29 v2.20.6
\thm@style=\toks39
\thm@bodyfont=\toks40
\thm@headfont=\toks41
\thm@notefont=\toks42
\thm@headpunct=\toks43
\thm@preskip=\skip62
\thm@postskip=\skip63
\thm@headsep=\skip64
\dth@everypar=\toks44
)
\c@theorem=\count333
)
(/opt/homebrew/Cellar/texlive/20230313_2/share/texmf-dist/tex/latex/beamer/beam
erbasethemes.sty))
(/opt/homebrew/Cellar/texlive/20230313_2/share/texmf-dist/tex/latex/beamer/beam
erthemedefault.sty
(/opt/homebrew/Cellar/texlive/20230313_2/share/texmf-dist/tex/latex/beamer/beam
erfontthemedefault.sty)
(/opt/homebrew/Cellar/texlive/20230313_2/share/texmf-dist/tex/latex/beamer/beam
ercolorthemedefault.sty)
(/opt/homebrew/Cellar/texlive/20230313_2/share/texmf-dist/tex/latex/beamer/beam
erinnerthemedefault.sty
\beamer@dima=\dimen292
\beamer@dimb=\dimen293
)
(/opt/homebrew/Cellar/texlive/20230313_2/share/texmf-dist/tex/latex/beamer/beam
erouterthemedefault.sty))) (./beamerthemenatali.sty
(/opt/homebrew/Cellar/texlive/20230313_2/share/texmf-dist/tex/latex/beamer/beam
ercolorthemebeaver.sty)
(/opt/homebrew/Cellar/texlive/20230313_2/share/texmf-dist/tex/latex/beamer/beam
erinnerthemecircles.sty)
(/opt/homebrew/Cellar/texlive/20230313_2/share/texmf-dist/tex/latex/beamer/beam
erouterthememiniframes.sty))
(/opt/homebrew/Cellar/texlive/20230313_2/share/texmf-dist/tex/latex/base/inpute
nc.sty
Package: inputenc 2021/02/14 v1.3d Input encoding file
\inpenc@prehook=\toks45
\inpenc@posthook=\toks46
)
(/opt/homebrew/Cellar/texlive/20230313_2/share/texmf-dist/tex/generic/babel/bab
el.sty
Package: babel 2023/02/13 3.86 The Babel package
\babel@savecnt=\count334
\U@D=\dimen294
\l@unhyphenated=\language87

(/opt/homebrew/Cellar/texlive/20230313_2/share/texmf-dist/tex/generic/babel/txt
babel.def)
\bbl@readstream=\read3
LaTeX Info: Redefining \textlatin on input line 4088.
\bbl@dirlevel=\count335

(/opt/homebrew/Cellar/texlive/20230313_2/share/texmf-dist/tex/generic/babel-por
tuges/brazil.ldf
Language: portuges 2021/07/09 v1.2t Portuguese support from the babel system
Package babel Info: Hyphen rules for 'brazil' set to \l@portuguese
(babel)             (\language70). Reported on input line 111.
Package babel Info: Making " an active character on input line 143.
))
(/opt/homebrew/Cellar/texlive/20230313_2/share/texmf-dist/tex/latex/booktabs/bo
oktabs.sty
Package: booktabs 2020/01/12 v1.61803398 Publication quality tables
\heavyrulewidth=\dimen295
\lightrulewidth=\dimen296
\cmidrulewidth=\dimen297
\belowrulesep=\dimen298
\belowbottomsep=\dimen299
\aboverulesep=\dimen300
\abovetopsep=\dimen301
\cmidrulesep=\dimen302
\cmidrulekern=\dimen303
\defaultaddspace=\dimen304
\@cmidla=\count336
\@cmidlb=\count337
\@aboverulesep=\dimen305
\@belowrulesep=\dimen306
\@thisruleclass=\count338
\@lastruleclass=\count339
\@thisrulewidth=\dimen307
)
(/opt/homebrew/Cellar/texlive/20230313_2/share/texmf-dist/tex/latex/tools/array
.sty
Package: array 2022/09/04 v2.5g Tabular extension package (FMi)
\col@sep=\dimen308
\ar@mcellbox=\box76
\extrarowheight=\dimen309
\NC@list=\toks47
\extratabsurround=\skip65
\backup@length=\skip66
\ar@cellbox=\box77
)
(/opt/homebrew/Cellar/texlive/20230313_2/share/texmf-dist/tex/latex/hf-tikz/hf-
tikz.sty
Package: hf-tikz 2014/07/25 v0.3a A simple way to highlight formulas and formul
a parts.

(/opt/homebrew/Cellar/texlive/20230313_2/share/texmf-dist/tex/latex/pgf/fronten
dlayer/tikz.sty
(/opt/homebrew/Cellar/texlive/20230313_2/share/texmf-dist/tex/latex/pgf/basicla
yer/pgf.sty
Package: pgf 2023-01-15 v3.1.10 (3.1.10)

(/opt/homebrew/Cellar/texlive/20230313_2/share/texmf-dist/tex/generic/pgf/modul
es/pgfmoduleshapes.code.tex
File: pgfmoduleshapes.code.tex 2023-01-15 v3.1.10 (3.1.10)
\pgfnodeparttextbox=\box78
)
(/opt/homebrew/Cellar/texlive/20230313_2/share/texmf-dist/tex/generic/pgf/modul
es/pgfmoduleplot.code.tex
File: pgfmoduleplot.code.tex 2023-01-15 v3.1.10 (3.1.10)
)
(/opt/homebrew/Cellar/texlive/20230313_2/share/texmf-dist/tex/latex/pgf/compati
bility/pgfcomp-version-0-65.sty
Package: pgfcomp-version-0-65 2023-01-15 v3.1.10 (3.1.10)
\pgf@nodesepstart=\dimen310
\pgf@nodesepend=\dimen311
)
(/opt/homebrew/Cellar/texlive/20230313_2/share/texmf-dist/tex/latex/pgf/compati
bility/pgfcomp-version-1-18.sty
Package: pgfcomp-version-1-18 2023-01-15 v3.1.10 (3.1.10)
))
(/opt/homebrew/Cellar/texlive/20230313_2/share/texmf-dist/tex/latex/pgf/utiliti
es/pgffor.sty
(/opt/homebrew/Cellar/texlive/20230313_2/share/texmf-dist/tex/generic/pgf/utili
ties/pgffor.code.tex
Package: pgffor 2023-01-15 v3.1.10 (3.1.10)
\pgffor@iter=\dimen312
\pgffor@skip=\dimen313
\pgffor@stack=\toks48
\pgffor@toks=\toks49
))
(/opt/homebrew/Cellar/texlive/20230313_2/share/texmf-dist/tex/generic/pgf/front
endlayer/tikz/tikz.code.tex
Package: tikz 2023-01-15 v3.1.10 (3.1.10)

(/opt/homebrew/Cellar/texlive/20230313_2/share/texmf-dist/tex/generic/pgf/libra
ries/pgflibraryplothandlers.code.tex
File: pgflibraryplothandlers.code.tex 2023-01-15 v3.1.10 (3.1.10)
\pgf@plot@mark@count=\count340
\pgfplotmarksize=\dimen314
)
\tikz@lastx=\dimen315
\tikz@lasty=\dimen316
\tikz@lastxsaved=\dimen317
\tikz@lastysaved=\dimen318
\tikz@lastmovetox=\dimen319
\tikz@lastmovetoy=\dimen320
\tikzleveldistance=\dimen321
\tikzsiblingdistance=\dimen322
\tikz@figbox=\box79
\tikz@figbox@bg=\box80
\tikz@tempbox=\box81
\tikz@tempbox@bg=\box82
\tikztreelevel=\count341
\tikznumberofchildren=\count342
\tikznumberofcurrentchild=\count343
\tikz@fig@count=\count344

(/opt/homebrew/Cellar/texlive/20230313_2/share/texmf-dist/tex/generic/pgf/modul
es/pgfmodulematrix.code.tex
File: pgfmodulematrix.code.tex 2023-01-15 v3.1.10 (3.1.10)
\pgfmatrixcurrentrow=\count345
\pgfmatrixcurrentcolumn=\count346
\pgf@matrix@numberofcolumns=\count347
)
\tikz@expandcount=\count348

(/opt/homebrew/Cellar/texlive/20230313_2/share/texmf-dist/tex/generic/pgf/front
endlayer/tikz/libraries/tikzlibrarytopaths.code.tex
File: tikzlibrarytopaths.code.tex 2023-01-15 v3.1.10 (3.1.10)
)))
(/opt/homebrew/Cellar/texlive/20230313_2/share/texmf-dist/tex/generic/pgf/front
endlayer/tikz/libraries/tikzlibraryshadings.code.tex
File: tikzlibraryshadings.code.tex 2023-01-15 v3.1.10 (3.1.10)

(/opt/homebrew/Cellar/texlive/20230313_2/share/texmf-dist/tex/generic/pgf/libra
ries/pgflibraryshadings.code.tex
File: pgflibraryshadings.code.tex 2023-01-15 v3.1.10 (3.1.10)
))
(/opt/homebrew/Cellar/texlive/20230313_2/share/texmf-dist/tex/latex/l3packages/
xparse/xparse.sty
(/opt/homebrew/Cellar/texlive/20230313_2/share/texmf-dist/tex/latex/l3kernel/ex
pl3.sty
Package: expl3 2023-02-22 L3 programming layer (loader) 

(/opt/homebrew/Cellar/texlive/20230313_2/share/texmf-dist/tex/latex/l3backend/l
3backend-pdftex.def
File: l3backend-pdftex.def 2023-01-16 L3 backend support: PDF output (pdfTeX)
\l__color_backend_stack_int=\count349
\l__pdf_internal_box=\box83
))
Package: xparse 2023-02-02 L3 Experimental document command parser
))
(/opt/homebrew/Cellar/texlive/20230313_2/share/texmf-dist/tex/latex/ragged2e/ra
gged2e.sty
Package: ragged2e 2023/02/25 v3.4 ragged2e Package
\CenteringLeftskip=\skip67
\RaggedLeftLeftskip=\skip68
\RaggedRightLeftskip=\skip69
\CenteringRightskip=\skip70
\RaggedLeftRightskip=\skip71
\RaggedRightRightskip=\skip72
\CenteringParfillskip=\skip73
\RaggedLeftParfillskip=\skip74
\RaggedRightParfillskip=\skip75
\JustifyingParfillskip=\skip76
\CenteringParindent=\skip77
\RaggedLeftParindent=\skip78
\RaggedRightParindent=\skip79
\JustifyingParindent=\skip80
)
(/opt/homebrew/Cellar/texlive/20230313_2/share/texmf-dist/tex/latex/libertine/l
ibertine.sty
Package: libertine 2022/09/12 (Bob Tennent) Supports Libertine and Biolinum fon
ts for all LaTeX engines.

(/opt/homebrew/Cellar/texlive/20230313_2/share/texmf-dist/tex/generic/iftex/ifx
etex.sty
Package: ifxetex 2019/10/25 v0.7 ifxetex legacy package. Use iftex instead.
)
(/opt/homebrew/Cellar/texlive/20230313_2/share/texmf-dist/tex/generic/iftex/ifl
uatex.sty
Package: ifluatex 2019/10/25 v1.5 ifluatex legacy package. Use iftex instead.
)
(/opt/homebrew/Cellar/texlive/20230313_2/share/texmf-dist/tex/latex/xkeyval/xke
yval.sty
Package: xkeyval 2022/06/16 v2.9 package option processing (HA)

(/opt/homebrew/Cellar/texlive/20230313_2/share/texmf-dist/tex/generic/xkeyval/x
keyval.tex
(/opt/homebrew/Cellar/texlive/20230313_2/share/texmf-dist/tex/generic/xkeyval/x
kvutils.tex
\XKV@toks=\toks50
\XKV@tempa@toks=\toks51
)
\XKV@depth=\count350
File: xkeyval.tex 2014/12/03 v2.7a key=value parser (HA)
))
(/opt/homebrew/Cellar/texlive/20230313_2/share/texmf-dist/tex/latex/base/textco
mp.sty
Package: textcomp 2020/02/02 v2.0n Standard LaTeX package
)
(/opt/homebrew/Cellar/texlive/20230313_2/share/texmf-dist/tex/latex/base/fonten
c.sty
Package: fontenc 2021/04/29 v2.0v Standard LaTeX package
)
(/opt/homebrew/Cellar/texlive/20230313_2/share/texmf-dist/tex/latex/fontaxes/fo
ntaxes.sty
Package: fontaxes 2020/07/21 v1.0e Font selection axes
LaTeX Info: Redefining \upshape on input line 29.
LaTeX Info: Redefining \itshape on input line 31.
LaTeX Info: Redefining \slshape on input line 33.
LaTeX Info: Redefining \swshape on input line 35.
LaTeX Info: Redefining \scshape on input line 37.
LaTeX Info: Redefining \sscshape on input line 39.
LaTeX Info: Redefining \ulcshape on input line 41.
LaTeX Info: Redefining \textsw on input line 47.
LaTeX Info: Redefining \textssc on input line 48.
LaTeX Info: Redefining \textulc on input line 49.
)
LaTeX Info: Redefining \oldstylenums on input line 483.

(/opt/homebrew/Cellar/texlive/20230313_2/share/texmf-dist/tex/latex/libertine/L
inLibertine_I.tex))
(/opt/homebrew/Cellar/texlive/20230313_2/share/texmf-dist/tex/latex/tools/tabul
arx.sty
Package: tabularx 2020/01/15 v2.11c `tabularx' package (DPC)
\TX@col@width=\dimen323
\TX@old@table=\dimen324
\TX@old@col=\dimen325
\TX@target=\dimen326
\TX@delta=\dimen327
\TX@cols=\count351
\TX@ftn=\toks52
)
(/opt/homebrew/Cellar/texlive/20230313_2/share/texmf-dist/tex/latex/graphics/ls
cape.sty
Package: lscape 2020/05/28 v3.02 Landscape Pages (DPC)
)
(/opt/homebrew/Cellar/texlive/20230313_2/share/texmf-dist/tex/latex/microtype/m
icrotype.sty
Package: microtype 2023/03/13 v3.1a Micro-typographical refinements (RS)
\MT@toks=\toks53
\MT@tempbox=\box84
\MT@count=\count352
LaTeX Info: Redefining \noprotrusionifhmode on input line 1059.
LaTeX Info: Redefining \leftprotrusion on input line 1060.
\MT@prot@toks=\toks54
LaTeX Info: Redefining \rightprotrusion on input line 1078.
LaTeX Info: Redefining \textls on input line 1368.
\MT@outer@kern=\dimen328
LaTeX Info: Redefining \textmicrotypecontext on input line 1988.
\MT@listname@count=\count353

(/opt/homebrew/Cellar/texlive/20230313_2/share/texmf-dist/tex/latex/microtype/m
icrotype-pdftex.def
File: microtype-pdftex.def 2023/03/13 v3.1a Definitions specific to pdftex (RS)

LaTeX Info: Redefining \lsstyle on input line 902.
LaTeX Info: Redefining \lslig on input line 902.
\MT@outer@space=\skip81
)
Package microtype Info: Loading configuration file microtype.cfg.

(/opt/homebrew/Cellar/texlive/20230313_2/share/texmf-dist/tex/latex/microtype/m
icrotype.cfg
File: microtype.cfg 2023/03/13 v3.1a microtype main configuration file (RS)
))
(/opt/homebrew/Cellar/texlive/20230313_2/share/texmf-dist/tex/latex/jknapltx/ma
thrsfs.sty
Package: mathrsfs 1996/01/01 Math RSFS package v1.0 (jk)
\symrsfs=\mathgroup6
)
(/opt/homebrew/Cellar/texlive/20230313_2/share/texmf-dist/tex/latex/bbm-macros/
bbm.sty
Package: bbm 1999/03/15 V 1.2 provides fonts for set symbols - TH
LaTeX Font Info:    Overwriting math alphabet `\mathbbm' in version `bold'
(Font)                  U/bbm/m/n --> U/bbm/bx/n on input line 33.
LaTeX Font Info:    Overwriting math alphabet `\mathbbmss' in version `bold'
(Font)                  U/bbmss/m/n --> U/bbmss/bx/n on input line 35.
)
(/opt/homebrew/Cellar/texlive/20230313_2/share/texmf-dist/tex/latex/base/latexs
ym.sty
Package: latexsym 1998/08/17 v2.2e Standard LaTeX package (lasy symbols)
\symlasy=\mathgroup7
LaTeX Font Info:    Overwriting symbol font `lasy' in version `bold'
(Font)                  U/lasy/m/n --> U/lasy/b/n on input line 52.
)
(/opt/homebrew/Cellar/texlive/20230313_2/share/texmf-dist/tex/latex/tools/multi
col.sty
Package: multicol 2021/11/30 v1.9d multicolumn formatting (FMi)
\c@tracingmulticols=\count354
\mult@box=\box85
\multicol@leftmargin=\dimen329
\c@unbalance=\count355
\c@collectmore=\count356
\doublecol@number=\count357
\multicoltolerance=\count358
\multicolpretolerance=\count359
\full@width=\dimen330
\page@free=\dimen331
\premulticols=\dimen332
\postmulticols=\dimen333
\multicolsep=\skip82
\multicolbaselineskip=\skip83
\partial@page=\box86
\last@line=\box87
\maxbalancingoverflow=\dimen334
\mult@rightbox=\box88
\mult@grightbox=\box89
\mult@firstbox=\box90
\mult@gfirstbox=\box91
\@tempa=\box92
\@tempa=\box93
\@tempa=\box94
\@tempa=\box95
\@tempa=\box96
\@tempa=\box97
\@tempa=\box98
\@tempa=\box99
\@tempa=\box100
\@tempa=\box101
\@tempa=\box102
\@tempa=\box103
\@tempa=\box104
\@tempa=\box105
\@tempa=\box106
\@tempa=\box107
\@tempa=\box108
\@tempa=\box109
\@tempa=\box110
\@tempa=\box111
\@tempa=\box112
\@tempa=\box113
\@tempa=\box114
\@tempa=\box115
\@tempa=\box116
\@tempa=\box117
\@tempa=\box118
\@tempa=\box119
\@tempa=\box120
\@tempa=\box121
\@tempa=\box122
\@tempa=\box123
\@tempa=\box124
\@tempa=\box125
\@tempa=\box126
\@tempa=\box127
\c@minrows=\count360
\c@columnbadness=\count361
\c@finalcolumnbadness=\count362
\last@try=\dimen335
\multicolovershoot=\dimen336
\multicolundershoot=\dimen337
\mult@nat@firstbox=\box128
\colbreak@box=\box129
\mc@col@check@num=\count363
)
(/opt/homebrew/Cellar/texlive/20230313_2/share/texmf-dist/tex/latex/multirow/mu
ltirow.sty
Package: multirow 2021/03/15 v2.8 Span multiple rows of a table
\multirow@colwidth=\skip84
\multirow@cntb=\count364
\multirow@dima=\skip85
\bigstrutjot=\dimen338
)
(/opt/homebrew/Cellar/texlive/20230313_2/share/texmf-dist/tex/latex/colortbl/co
lortbl.sty
Package: colortbl 2022/06/20 v1.0f Color table columns (DPC)
\everycr=\toks55
\minrowclearance=\skip86
\rownum=\count365
)
(/opt/homebrew/Cellar/texlive/20230313_2/share/texmf-dist/tex/latex/makecell/ma
kecell.sty
Package: makecell 2009/08/03 V0.1e Managing of Tab Column Heads and Cells
\rotheadsize=\dimen339
\c@nlinenum=\count366
\TeXr@lab=\toks56
)

Package hyperref Warning: Token not allowed in a PDF string (Unicode):
(hyperref)                removing `\\' on input line 53.

LaTeX Font Info:    Trying to load font information for OT1+LinuxBiolinumT-TLF 
on input line 60.

(/opt/homebrew/Cellar/texlive/20230313_2/share/texmf-dist/tex/latex/libertine/O
T1LinuxBiolinumT-TLF.fd
File: OT1LinuxBiolinumT-TLF.fd 2017/03/20 (autoinst) Font definitions for OT1/L
inuxBiolinumT-TLF.
)
LaTeX Font Info:    Font shape `OT1/LinuxBiolinumT-TLF/m/n' will be
(Font)              scaled to size 10.95pt on input line 60.
 (./apresentacaonatali.aux)
\openout1 = `apresentacaonatali.aux'.

LaTeX Font Info:    Checking defaults for OML/cmm/m/it on input line 60.
LaTeX Font Info:    ... okay on input line 60.
LaTeX Font Info:    Checking defaults for OMS/cmsy/m/n on input line 60.
LaTeX Font Info:    ... okay on input line 60.
LaTeX Font Info:    Checking defaults for OT1/cmr/m/n on input line 60.
LaTeX Font Info:    ... okay on input line 60.
LaTeX Font Info:    Checking defaults for T1/cmr/m/n on input line 60.
LaTeX Font Info:    ... okay on input line 60.
LaTeX Font Info:    Checking defaults for TS1/cmr/m/n on input line 60.
LaTeX Font Info:    ... okay on input line 60.
LaTeX Font Info:    Checking defaults for OMX/cmex/m/n on input line 60.
LaTeX Font Info:    ... okay on input line 60.
LaTeX Font Info:    Checking defaults for U/cmr/m/n on input line 60.
LaTeX Font Info:    ... okay on input line 60.
LaTeX Font Info:    Checking defaults for PD1/pdf/m/n on input line 60.
LaTeX Font Info:    ... okay on input line 60.
LaTeX Font Info:    Checking defaults for PU/pdf/m/n on input line 60.
LaTeX Font Info:    ... okay on input line 60.

*geometry* driver: auto-detecting
*geometry* detected driver: pdftex
*geometry* verbose mode - [ preamble ] result:
* driver: pdftex
* paper: custom
* layout: <same size as paper>
* layoutoffset:(h,v)=(0.0pt,0.0pt)
* modes: includehead includefoot 
* h-part:(L,W,R)=(28.45274pt, 307.28987pt, 28.45274pt)
* v-part:(T,H,B)=(0.0pt, 273.14662pt, 0.0pt)
* \paperwidth=364.19536pt
* \paperheight=273.14662pt
* \textwidth=307.28987pt
* \textheight=244.6939pt
* \oddsidemargin=-43.81725pt
* \evensidemargin=-43.81725pt
* \topmargin=-72.26999pt
* \headheight=14.22636pt
* \headsep=0.0pt
* \topskip=11.0pt
* \footskip=14.22636pt
* \marginparwidth=4.0pt
* \marginparsep=10.0pt
* \columnsep=10.0pt
* \skip\footins=10.0pt plus 4.0pt minus 2.0pt
* \hoffset=0.0pt
* \voffset=0.0pt
* \mag=1000
* \@twocolumnfalse
* \@twosidefalse
* \@mparswitchfalse
* \@reversemarginfalse
* (1in=72.27pt=25.4mm, 1cm=28.453pt)


(/opt/homebrew/Cellar/texlive/20230313_2/share/texmf-dist/tex/context/base/mkii
/supp-pdf.mkii
[Loading MPS to PDF converter (version 2006.09.02).]
\scratchcounter=\count367
\scratchdimen=\dimen340
\scratchbox=\box130
\nofMPsegments=\count368
\nofMParguments=\count369
\everyMPshowfont=\toks57
\MPscratchCnt=\count370
\MPscratchDim=\dimen341
\MPnumerator=\count371
\makeMPintoPDFobject=\count372
\everyMPtoPDFconversion=\toks58
)
(/opt/homebrew/Cellar/texlive/20230313_2/share/texmf-dist/tex/latex/epstopdf-pk
g/epstopdf-base.sty
Package: epstopdf-base 2020-01-24 v2.11 Base part for package epstopdf
Package epstopdf-base Info: Redefining graphics rule for `.eps' on input line 4
85.

(/opt/homebrew/Cellar/texlive/20230313_2/share/texmf-dist/tex/latex/latexconfig
/epstopdf-sys.cfg
File: epstopdf-sys.cfg 2010/07/13 v1.3 Configuration of (r)epstopdf for TeX Liv
e
))
Package hyperref Info: Link coloring OFF on input line 60.
 (./apresentacaonatali.out) (./apresentacaonatali.out)
\@outlinefile=\write5
\openout5 = `apresentacaonatali.out'.

LaTeX Font Info:    Overwriting symbol font `operators' in version `normal'
(Font)                  OT1/cmr/m/n --> OT1/cmss/m/n on input line 60.
LaTeX Font Info:    Overwriting symbol font `operators' in version `bold'
(Font)                  OT1/cmr/bx/n --> OT1/cmss/b/n on input line 60.
\symnumbers=\mathgroup8
\sympureletters=\mathgroup9
LaTeX Font Info:    Overwriting math alphabet `\mathrm' in version `normal'
(Font)                  OT1/cmss/m/n --> OT1/LinuxLibertineT-TLF/m/n on input l
ine 60.
LaTeX Font Info:    Redeclaring math alphabet \mathbf on input line 60.
LaTeX Font Info:    Overwriting math alphabet `\mathbf' in version `normal'
(Font)                  OT1/cmr/bx/n --> OT1/LinuxBiolinumT-TLF/b/n on input li
ne 60.
LaTeX Font Info:    Overwriting math alphabet `\mathbf' in version `bold'
(Font)                  OT1/cmr/bx/n --> OT1/LinuxBiolinumT-TLF/b/n on input li
ne 60.
LaTeX Font Info:    Redeclaring math alphabet \mathsf on input line 60.
LaTeX Font Info:    Overwriting math alphabet `\mathsf' in version `normal'
(Font)                  OT1/cmss/m/n --> OT1/LinuxBiolinumT-TLF/m/n on input li
ne 60.
LaTeX Font Info:    Overwriting math alphabet `\mathsf' in version `bold'
(Font)                  OT1/cmss/bx/n --> OT1/LinuxBiolinumT-TLF/m/n on input l
ine 60.
LaTeX Font Info:    Redeclaring math alphabet \mathit on input line 60.
LaTeX Font Info:    Overwriting math alphabet `\mathit' in version `normal'
(Font)                  OT1/cmr/m/it --> OT1/LinuxBiolinumT-TLF/m/it on input l
ine 60.
LaTeX Font Info:    Overwriting math alphabet `\mathit' in version `bold'
(Font)                  OT1/cmr/bx/it --> OT1/LinuxBiolinumT-TLF/m/it on input 
line 60.
LaTeX Font Info:    Redeclaring math alphabet \mathtt on input line 60.
LaTeX Font Info:    Overwriting math alphabet `\mathtt' in version `normal'
(Font)                  OT1/cmtt/m/n --> OT1/LinuxLibertineMonoT-TLF/m/n on inp
ut line 60.
LaTeX Font Info:    Overwriting math alphabet `\mathtt' in version `bold'
(Font)                  OT1/cmtt/m/n --> OT1/LinuxLibertineMonoT-TLF/m/n on inp
ut line 60.
LaTeX Font Info:    Overwriting symbol font `numbers' in version `bold'
(Font)                  OT1/LinuxBiolinumT-TLF/m/n --> OT1/LinuxBiolinumT-TLF/b
/n on input line 60.
LaTeX Font Info:    Overwriting symbol font `pureletters' in version `bold'
(Font)                  OT1/LinuxBiolinumT-TLF/m/it --> OT1/LinuxBiolinumT-TLF/
b/it on input line 60.
LaTeX Font Info:    Overwriting math alphabet `\mathrm' in version `bold'
(Font)                  OT1/cmss/b/n --> OT1/LinuxLibertineT-TLF/b/n on input l
ine 60.
LaTeX Font Info:    Overwriting math alphabet `\mathbf' in version `bold'
(Font)                  OT1/LinuxBiolinumT-TLF/b/n --> OT1/LinuxBiolinumT-TLF/b
/n on input line 60.
LaTeX Font Info:    Overwriting math alphabet `\mathsf' in version `bold'
(Font)                  OT1/LinuxBiolinumT-TLF/m/n --> OT1/LinuxBiolinumT-TLF/b
/n on input line 60.
LaTeX Font Info:    Overwriting math alphabet `\mathit' in version `bold'
(Font)                  OT1/LinuxBiolinumT-TLF/m/it --> OT1/LinuxBiolinumT-TLF/
b/it on input line 60.
LaTeX Font Info:    Overwriting math alphabet `\mathtt' in version `bold'
(Font)                  OT1/LinuxLibertineMonoT-TLF/m/n --> OT1/LinuxLibertineM
onoT-TLF/b/n on input line 60.

(/opt/homebrew/Cellar/texlive/20230313_2/share/texmf-dist/tex/latex/translator/
translator-basic-dictionary-English.dict
Dictionary: translator-basic-dictionary, Language: English 
)
(/opt/homebrew/Cellar/texlive/20230313_2/share/texmf-dist/tex/latex/translator/
translator-basic-dictionary-Portuguese.dict
Dictionary: translator-basic-dictionary, Language: portuguese 
)
(/opt/homebrew/Cellar/texlive/20230313_2/share/texmf-dist/tex/latex/translator/
translator-bibliography-dictionary-English.dict
Dictionary: translator-bibliography-dictionary, Language: English 
)
(/opt/homebrew/Cellar/texlive/20230313_2/share/texmf-dist/tex/latex/translator/
translator-bibliography-dictionary-Portuguese.dict
Dictionary: translator-bibliography-dictionary, Language: portuguese 
)
(/opt/homebrew/Cellar/texlive/20230313_2/share/texmf-dist/tex/latex/translator/
translator-environment-dictionary-English.dict
Dictionary: translator-environment-dictionary, Language: English 
)
(/opt/homebrew/Cellar/texlive/20230313_2/share/texmf-dist/tex/latex/translator/
translator-environment-dictionary-Portuguese.dict
Dictionary: translator-environment-dictionary, Language: Portuguese 
)
(/opt/homebrew/Cellar/texlive/20230313_2/share/texmf-dist/tex/latex/translator/
translator-months-dictionary-English.dict
Dictionary: translator-months-dictionary, Language: English 
)
(/opt/homebrew/Cellar/texlive/20230313_2/share/texmf-dist/tex/latex/translator/
translator-months-dictionary-Portuguese.dict
Dictionary: translator-month-dictionary, Language: portuguese 
)
(/opt/homebrew/Cellar/texlive/20230313_2/share/texmf-dist/tex/latex/translator/
translator-numbers-dictionary-English.dict
Dictionary: translator-numbers-dictionary, Language: English 
)
(/opt/homebrew/Cellar/texlive/20230313_2/share/texmf-dist/tex/latex/translator/
translator-numbers-dictionary-Portuguese.dict
Dictionary: translator-numbers-dictionary, Language: Portuguese 
)
(/opt/homebrew/Cellar/texlive/20230313_2/share/texmf-dist/tex/latex/translator/
translator-theorem-dictionary-English.dict
Dictionary: translator-theorem-dictionary, Language: English 
)
(/opt/homebrew/Cellar/texlive/20230313_2/share/texmf-dist/tex/latex/translator/
translator-theorem-dictionary-Portuguese.dict
Dictionary: translator-theorem-dictionary, Language: portuguese 
)
\c@mv@tabular=\count373
\c@mv@boldtabular=\count374
LaTeX Info: Redefining \microtypecontext on input line 60.
Package microtype Info: Applying patch `item' on input line 60.
Package microtype Info: Applying patch `toc' on input line 60.
Package microtype Info: Applying patch `eqnum' on input line 60.
Package microtype Info: Applying patch `footnote' on input line 60.
Package microtype Info: Applying patch `verbatim' on input line 60.
Package microtype Info: Generating PDF output.
Package microtype Info: Character protrusion enabled (level 2).
Package microtype Info: Using default protrusion set `alltext'.
Package microtype Info: Automatic font expansion enabled (level 2),
(microtype)             stretch: 20, shrink: 20, step: 1, non-selected.
Package microtype Info: Using default expansion set `alltext-nott'.
LaTeX Info: Redefining \showhyphens on input line 60.
Package microtype Info: No adjustment of tracking.
Package microtype Info: No adjustment of interword spacing.
Package microtype Info: No adjustment of character kerning.
Package microtype Info: Loading generic protrusion settings for font family
(microtype)             `LinuxBiolinumT-TLF' (encoding: OT1).
(microtype)             For optimal results, create family-specific settings.
(microtype)             See the microtype manual for details.
 (./apresentacaonatali.nav)
LaTeX Font Info:    Font shape `OT1/LinuxBiolinumT-TLF/m/n' will be
(Font)              scaled to size 6.0pt on input line 60.
LaTeX Font Info:    Font shape `OT1/LinuxBiolinumT-TLF/m/n' will be
(Font)              scaled to size 14.4pt on input line 65.
LaTeX Font Info:    Font shape `OT1/LinuxBiolinumT-TLF/b/n' will be
(Font)              scaled to size 14.4pt on input line 65.
LaTeX Font Info:    Font shape `OT1/LinuxBiolinumT-TLF/b/n' will be
(Font)              scaled to size 10.0pt on input line 65.
LaTeX Font Info:    Font shape `OT1/LinuxBiolinumT-TLF/b/n' will be
(Font)              scaled to size 10.95pt on input line 65.
LaTeX Font Info:    Trying to load font information for OT1+LinuxLibertineMonoT
-TLF on input line 65.

(/opt/homebrew/Cellar/texlive/20230313_2/share/texmf-dist/tex/latex/libertine/O
T1LinuxLibertineMonoT-TLF.fd
File: OT1LinuxLibertineMonoT-TLF.fd 2019/05/20 (autoinst) Font definitions for 
OT1/LinuxLibertineMonoT-TLF.
)
LaTeX Font Info:    Font shape `OT1/LinuxLibertineMonoT-TLF/m/n' in size <10.95
> not available
(Font)              Font shape `OT1/LinuxLibertineMonoT-TLF/regular/n' tried in
stead on input line 65.
LaTeX Font Info:    Font shape `OT1/LinuxLibertineMonoT-TLF/regular/n' will be
(Font)              scaled to size 10.95pt on input line 65.
Package microtype Info: Loading generic protrusion settings for font family
(microtype)             `LinuxLibertineMonoT-TLF' (encoding: OT1).
(microtype)             For optimal results, create family-specific settings.
(microtype)             See the microtype manual for details.
Package microtype Info: Character `~ (= ~)' is missing
(microtype)             in font `OT1/LinuxLibertineMonoT-TLF/regular/n/10.95'.
(microtype)             Ignoring protrusion settings for this character.
LaTeX Font Info:    Font shape `OT1/LinuxLibertineMonoT-TLF/m/n' in size <9> no
t available
(Font)              Font shape `OT1/LinuxLibertineMonoT-TLF/regular/n' tried in
stead on input line 65.
LaTeX Font Info:    Font shape `OT1/LinuxLibertineMonoT-TLF/regular/n' will be
(Font)              scaled to size 9.0pt on input line 65.
Package microtype Info: Character `~ (= ~)' is missing
(microtype)             in font `OT1/LinuxLibertineMonoT-TLF/regular/n/9'.
(microtype)             Ignoring protrusion settings for this character.
LaTeX Font Info:    Font shape `OT1/LinuxBiolinumT-TLF/m/n' will be
(Font)              scaled to size 8.0pt on input line 65.
LaTeX Font Info:    Font shape `OT1/LinuxBiolinumT-TLF/m/n' will be
(Font)              scaled to size 4.0pt on input line 65.
 [1

{/opt/homebrew/Cellar/texlive/20230313_2/share/texmf-dist/fonts/map/pdftex/updm
ap/pdftex.map}{/opt/homebrew/Cellar/texlive/20230313_2/share/texmf-dist/fonts/e
nc/dvips/libertine/lbtn_edcawa.enc}{/opt/homebrew/Cellar/texlive/20230313_2/sha
re/texmf-dist/fonts/enc/dvips/libertine/lbtn_3dk467.enc}]
Package microtype Info: Loading generic protrusion settings for font family
(microtype)             `cmss' (encoding: OT1).
(microtype)             For optimal results, create family-specific settings.
(microtype)             See the microtype manual for details.
LaTeX Font Info:    Trying to load font information for U+msa on input line 107
.

(/opt/homebrew/Cellar/texlive/20230313_2/share/texmf-dist/tex/latex/amsfonts/um
sa.fd
File: umsa.fd 2013/01/14 v3.01 AMS symbols A
)
(/opt/homebrew/Cellar/texlive/20230313_2/share/texmf-dist/tex/latex/microtype/m
t-msa.cfg
File: mt-msa.cfg 2006/02/04 v1.1 microtype config. file: AMS symbols (a) (RS)
)
LaTeX Font Info:    Trying to load font information for U+msb on input line 107
.

(/opt/homebrew/Cellar/texlive/20230313_2/share/texmf-dist/tex/latex/amsfonts/um
sb.fd
File: umsb.fd 2013/01/14 v3.01 AMS symbols B
)
(/opt/homebrew/Cellar/texlive/20230313_2/share/texmf-dist/tex/latex/microtype/m
t-msb.cfg
File: mt-msb.cfg 2005/06/01 v1.0 microtype config. file: AMS symbols (b) (RS)
)
LaTeX Font Info:    Trying to load font information for U+rsfs on input line 10
7.

(/opt/homebrew/Cellar/texlive/20230313_2/share/texmf-dist/tex/latex/jknapltx/ur
sfs.fd
File: ursfs.fd 1998/03/24 rsfs font definition file (jk)
)
LaTeX Font Info:    Trying to load font information for U+lasy on input line 10
7.

(/opt/homebrew/Cellar/texlive/20230313_2/share/texmf-dist/tex/latex/base/ulasy.
fd
File: ulasy.fd 1998/08/17 v2.2e LaTeX symbol font definitions
)
LaTeX Font Info:    Font shape `OT1/LinuxBiolinumT-TLF/m/it' will be
(Font)              scaled to size 10.95pt on input line 107.
LaTeX Font Info:    Font shape `OT1/LinuxBiolinumT-TLF/m/it' will be
(Font)              scaled to size 8.0pt on input line 107.
LaTeX Font Info:    Font shape `OT1/LinuxBiolinumT-TLF/m/it' will be
(Font)              scaled to size 6.0pt on input line 107.
LaTeX Font Info:    Font shape `OT1/LinuxBiolinumT-TLF/m/n' will be
(Font)              scaled to size 10.0pt on input line 107.
LaTeX Font Info:    Font shape `OT1/LinuxBiolinumT-TLF/m/n' will be
(Font)              scaled to size 7.0pt on input line 107.
LaTeX Font Info:    Font shape `OT1/LinuxBiolinumT-TLF/m/n' will be
(Font)              scaled to size 5.0pt on input line 107.
LaTeX Font Info:    Font shape `OT1/LinuxBiolinumT-TLF/m/it' will be
(Font)              scaled to size 10.0pt on input line 107.
LaTeX Font Info:    Font shape `OT1/LinuxBiolinumT-TLF/m/it' will be
(Font)              scaled to size 7.0pt on input line 107.
LaTeX Font Info:    Font shape `OT1/LinuxBiolinumT-TLF/m/it' will be
(Font)              scaled to size 5.0pt on input line 107.
LaTeX Font Info:    Font shape `OT1/LinuxBiolinumT-TLF/m/n' will be
(Font)              scaled to size 9.0pt on input line 107.
LaTeX Font Info:    Font shape `OT1/LinuxBiolinumT-TLF/b/n' will be
(Font)              scaled to size 9.0pt on input line 107.
<figuras/curie.jpg, id=22, 803.0pt x 1091.07625pt>
File: figuras/curie.jpg Graphic file (type jpg)
<use figuras/curie.jpg>
Package pdftex.def Info: figuras/curie.jpg  used on input line 107.
(pdftex.def)             Requested size: 48.17792pt x 65.46175pt.
<figuras/mayer.jpg, id=23, 281.05pt x 397.485pt>
File: figuras/mayer.jpg Graphic file (type jpg)
<use figuras/mayer.jpg>
Package pdftex.def Info: figuras/mayer.jpg  used on input line 107.
(pdftex.def)             Requested size: 47.77786pt x 67.57155pt.
<figuras/donna.jpg, id=24, 803.0pt x 803.0pt>
File: figuras/donna.jpg Graphic file (type jpg)
<use figuras/donna.jpg>
Package pdftex.def Info: figuras/donna.jpg  used on input line 107.
(pdftex.def)             Requested size: 67.45154pt x 67.45154pt.
<figuras/chien.jpg, id=25, 82.59428pt x 104.7915pt>
File: figuras/chien.jpg Graphic file (type jpg)
<use figuras/chien.jpg>
Package pdftex.def Info: figuras/chien.jpg  used on input line 107.
(pdftex.def)             Requested size: 53.68564pt x 68.11366pt.

Overfull \vbox (6.91692pt too high) detected at line 107
 []

[2

 <./figuras/curie.jpg> <./figuras/mayer.jpg> <./figuras/donna.jpg> <./figuras/c
hien.jpg>]
File: figuras/curie.jpg Graphic file (type jpg)
<use figuras/curie.jpg>
Package pdftex.def Info: figuras/curie.jpg  used on input line 107.
(pdftex.def)             Requested size: 48.17792pt x 65.46175pt.
File: figuras/mayer.jpg Graphic file (type jpg)
<use figuras/mayer.jpg>
Package pdftex.def Info: figuras/mayer.jpg  used on input line 107.
(pdftex.def)             Requested size: 47.77786pt x 67.57155pt.
File: figuras/donna.jpg Graphic file (type jpg)
<use figuras/donna.jpg>
Package pdftex.def Info: figuras/donna.jpg  used on input line 107.
(pdftex.def)             Requested size: 67.45154pt x 67.45154pt.
File: figuras/chien.jpg Graphic file (type jpg)
<use figuras/chien.jpg>
Package pdftex.def Info: figuras/chien.jpg  used on input line 107.
(pdftex.def)             Requested size: 53.68564pt x 68.11366pt.

Overfull \vbox (6.91692pt too high) detected at line 107
 []

[3

]
File: figuras/curie.jpg Graphic file (type jpg)
<use figuras/curie.jpg>
Package pdftex.def Info: figuras/curie.jpg  used on input line 107.
(pdftex.def)             Requested size: 48.17792pt x 65.46175pt.
File: figuras/mayer.jpg Graphic file (type jpg)
<use figuras/mayer.jpg>
Package pdftex.def Info: figuras/mayer.jpg  used on input line 107.
(pdftex.def)             Requested size: 47.77786pt x 67.57155pt.
File: figuras/donna.jpg Graphic file (type jpg)
<use figuras/donna.jpg>
Package pdftex.def Info: figuras/donna.jpg  used on input line 107.
(pdftex.def)             Requested size: 67.45154pt x 67.45154pt.
File: figuras/chien.jpg Graphic file (type jpg)
<use figuras/chien.jpg>
Package pdftex.def Info: figuras/chien.jpg  used on input line 107.
(pdftex.def)             Requested size: 53.68564pt x 68.11366pt.

Overfull \vbox (6.91692pt too high) detected at line 107
 []

[4

]
<figuras/noether.jpg, id=43, 526.96875pt x 467.7475pt>
File: figuras/noether.jpg Graphic file (type jpg)
<use figuras/noether.jpg>
Package pdftex.def Info: figuras/noether.jpg  used on input line 148.
(pdftex.def)             Requested size: 79.0419pt x 70.15909pt.

Underfull \hbox (badness 5022) in paragraph at lines 148--148
[]\OT1/LinuxBiolinumT-TLF/m/n/10 (+20) Primeira es-posa de Al-bert Eins-tein -
 []

<figuras/mileva.jpg, id=44, 192.72pt x 219.219pt>
File: figuras/mileva.jpg Graphic file (type jpg)
<use figuras/mileva.jpg>
Package pdftex.def Info: figuras/mileva.jpg  used on input line 148.
(pdftex.def)             Requested size: 71.30527pt x 81.10974pt.
[5

 <./figuras/noether.jpg> <./figuras/mileva.jpg>]
File: figuras/noether.jpg Graphic file (type jpg)
<use figuras/noether.jpg>
Package pdftex.def Info: figuras/noether.jpg  used on input line 148.
(pdftex.def)             Requested size: 79.0419pt x 70.15909pt.

Underfull \hbox (badness 5022) in paragraph at lines 148--148
[]\OT1/LinuxBiolinumT-TLF/m/n/10 (+20) Primeira es-posa de Al-bert Eins-tein -
 []

File: figuras/mileva.jpg Graphic file (type jpg)
<use figuras/mileva.jpg>
Package pdftex.def Info: figuras/mileva.jpg  used on input line 148.
(pdftex.def)             Requested size: 71.30527pt x 81.10974pt.
[6

]
<figuras/hamilton.jpg, id=55, 602.25pt x 602.25pt>
File: figuras/hamilton.jpg Graphic file (type jpg)
<use figuras/hamilton.jpg>
Package pdftex.def Info: figuras/hamilton.jpg  used on input line 189.
(pdftex.def)             Requested size: 78.29524pt x 78.29524pt.
<figuras/katie.jpg, id=56, 255.95625pt x 307.1475pt>
File: figuras/katie.jpg Graphic file (type jpg)
<use figuras/katie.jpg>
Package pdftex.def Info: figuras/katie.jpg  used on input line 189.
(pdftex.def)             Requested size: 76.78746pt x 92.14496pt.
 [7

 <./figuras/hamilton.jpg> <./figuras/katie.jpg>]
File: figuras/hamilton.jpg Graphic file (type jpg)
<use figuras/hamilton.jpg>
Package pdftex.def Info: figuras/hamilton.jpg  used on input line 189.
(pdftex.def)             Requested size: 78.29524pt x 78.29524pt.
File: figuras/katie.jpg Graphic file (type jpg)
<use figuras/katie.jpg>
Package pdftex.def Info: figuras/katie.jpg  used on input line 189.
(pdftex.def)             Requested size: 76.78746pt x 92.14496pt.
 [8

]
<figuras/comp.jpg, id=69, 342.19846pt x 264.14685pt>
File: figuras/comp.jpg Graphic file (type jpg)
<use figuras/comp.jpg>
Package pdftex.def Info: figuras/comp.jpg  used on input line 207.
(pdftex.def)             Requested size: 136.87695pt x 105.65686pt.
<figuras/solar.jpg, id=70, 2601.72pt x 1951.29pt>
File: figuras/solar.jpg Graphic file (type jpg)
<use figuras/solar.jpg>
Package pdftex.def Info: figuras/solar.jpg  used on input line 207.
(pdftex.def)             Requested size: 140.49475pt x 105.37106pt.
 [9

 <./figuras/comp.jpg> <./figuras/solar.jpg>]
File: figuras/comp.jpg Graphic file (type jpg)
<use figuras/comp.jpg>
Package pdftex.def Info: figuras/comp.jpg  used on input line 207.
(pdftex.def)             Requested size: 136.87695pt x 105.65686pt.
File: figuras/solar.jpg Graphic file (type jpg)
<use figuras/solar.jpg>
Package pdftex.def Info: figuras/solar.jpg  used on input line 207.
(pdftex.def)             Requested size: 140.49475pt x 105.37106pt.
 [10

]
<figuras/u.jpeg, id=81, 200.75pt x 252.945pt>
File: figuras/u.jpeg Graphic file (type jpg)
<use figuras/u.jpeg>
Package pdftex.def Info: figuras/u.jpeg  used on input line 220.
(pdftex.def)             Requested size: 100.37474pt x 126.47218pt.
 [11

 <./figuras/u.jpeg>] [12

] [13

] [14

]
\tf@nav=\write6
\openout6 = `apresentacaonatali.nav'.

\tf@toc=\write7
\openout7 = `apresentacaonatali.toc'.

\tf@snm=\write8
\openout8 = `apresentacaonatali.snm'.


(./apresentacaonatali.aux)
Package rerunfilecheck Info: File `apresentacaonatali.out' has not changed.
(rerunfilecheck)             Checksum: D41D8CD98F00B204E9800998ECF8427E;0.
 ) 
Here is how much of TeX's memory you used:
 30781 strings out of 476025
 630849 string characters out of 5779036
 1867388 words of memory out of 5000000
 50361 multiletter control sequences out of 15000+600000
 562806 words of font info for 185 fonts, out of 8000000 for 9000
 1141 hyphenation exceptions out of 8191
 128i,15n,122p,1015b,975s stack positions out of 10000i,1000n,20000p,200000b,200000s
</opt/homebrew/Cellar/texlive/20230313_2/share/texmf-dist/fonts/type1/public/
libertine/LinBiolinumT.pfb></opt/homebrew/Cellar/texlive/20230313_2/share/texmf
-dist/fonts/type1/public/libertine/LinBiolinumTB.pfb></opt/homebrew/Cellar/texl
ive/20230313_2/share/texmf-dist/fonts/type1/public/libertine/LinBiolinumTI.pfb>
</opt/homebrew/Cellar/texlive/20230313_2/share/texmf-dist/fonts/type1/public/li
bertine/LinLibertineMT.pfb></opt/homebrew/Cellar/texlive/20230313_2/share/texmf
-dist/fonts/type1/public/amsfonts/cm/cmsy10.pfb></opt/homebrew/Cellar/texlive/2
0230313_2/share/texmf-dist/fonts/type1/public/amsfonts/symbols/msam10.pfb>
Output written on apresentacaonatali.pdf (14 pages, 3224904 bytes).
PDF statistics:
 139 PDF objects out of 1000 (max. 8388607)
 93 compressed objects within 1 object stream
 29 named destinations out of 1000 (max. 500000)
 63586 words of extra memory for PDF output out of 74296 (max. 10000000)

